<?xml version="1.0" encoding="UTF-8"?>
<!-- Generated by org.testng.reporters.JUnitReportReporter -->
<testsuite hostname="DESKTOP-7OP4659" failures="0" tests="2" name="testng.Basicoftstng" time="0.009" errors="0" timestamp="2022-05-13T17:09:21 EDT" skipped="0">
  <testcase classname="testng.Basicoftstng" name="m1" time="0.005"/>
  <system-out>
    <![CDATA[this is m1 method]]>
  </system-out>
  <testcase classname="testng.Basicoftstng" name="m2" time="0.004"/>
  <system-out>
    <![CDATA[this is m2 method]]>
  </system-out>
</testsuite> <!-- testng.Basicoftstng -->
