<?xml version="1.0" encoding="UTF-8"?>
<!-- Generated by org.testng.reporters.JUnitReportReporter -->
<testsuite hostname="DESKTOP-7OP4659" failures="0" tests="3" name="testng.Beforclssaftcls" time="0.017" errors="0" timestamp="2022-05-12T12:21:22 EDT" skipped="0">
  <testcase classname="testng.Beforclssaftcls" name="a1" time="0.009"/>
  <system-out>
    <![CDATA[a1 method]]>
  </system-out>
  <testcase classname="testng.Beforclssaftcls" name="m1" time="0.005"/>
  <system-out>
    <![CDATA[m1 method]]>
  </system-out>
  <testcase classname="testng.Beforclssaftcls" name="m2" time="0.003"/>
  <system-out>
    <![CDATA[m2 method]]>
  </system-out>
</testsuite> <!-- testng.Beforclssaftcls -->
