<?xml version="1.0" encoding="UTF-8"?>
<!-- Generated by org.testng.reporters.JUnitReportReporter -->
<testsuite hostname="DESKTOP-7OP4659" failures="0" tests="2" name="testng.Rep_2" time="0.014" errors="0" timestamp="2022-05-12T11:43:13 EDT" skipped="0">
  <testcase classname="testng.Rep_2" name="m1" time="0.010"/>
  <system-out>
    <![CDATA[testng reporter]]>
  </system-out>
  <testcase classname="testng.Rep_2" name="m2" time="0.004"/>
  <system-out>
    <![CDATA[this is m2]]>
  </system-out>
</testsuite> <!-- testng.Rep_2 -->
