<?xml version="1.0" encoding="UTF-8"?>
<!-- Generated by org.testng.reporters.JUnitReportReporter -->
<testsuite hostname="DESKTOP-7OP4659" failures="0" tests="4" name="testng.Enablpgm" time="0.014" errors="0" timestamp="2022-05-12T11:49:02 EDT" skipped="1">
  <testcase classname="testng.Enablpgm" name="m2" time="0.010"/>
  <system-out>
    <![CDATA[This is m2 method]]>
  </system-out>
  <testcase classname="testng.Enablpgm" name="m1" time="0.002"/>
  <system-out>
    <![CDATA[This is m1 method]]>
  </system-out>
  <testcase classname="testng.Enablpgm" name="xyz" time="0.002"/>
  <system-out>
    <![CDATA[This is xyz method]]>
  </system-out>
  <testcase classname="testng.Enablpgm" name="abc">
    <skipped/>
  </testcase> <!-- abc -->
  <system-out/>
</testsuite> <!-- testng.Enablpgm -->
