<?xml version="1.0" encoding="UTF-8"?>
<!-- Generated by org.testng.reporters.JUnitReportReporter -->
<testsuite hostname="DESKTOP-7OP4659" failures="0" tests="2" name="testng.Beforafter" time="0.018" errors="0" timestamp="2022-05-12T12:14:20 EDT" skipped="0">
  <testcase classname="testng.Beforafter" name="a1" time="0.013"/>
  <system-out>
    <![CDATA[a1 method]]>
  </system-out>
  <testcase classname="testng.Beforafter" name="m1" time="0.005"/>
  <system-out>
    <![CDATA[m2 method]]>
  </system-out>
</testsuite> <!-- testng.Beforafter -->
