<?xml version="1.0" encoding="UTF-8"?>
<!-- Generated by org.testng.reporters.JUnitReportReporter -->
<testsuite hostname="DESKTOP-7OP4659" failures="0" tests="2" name="testng.Ornghrm" time="29.269" errors="0" timestamp="2022-05-13T17:09:22 EDT" skipped="0">
  <testcase classname="testng.Ornghrm" name="VerifyLoginFunctionality" time="26.587"/>
  <system-out/>
  <testcase classname="testng.Ornghrm" name="verifyAssignLeaveTab" time="2.682"/>
  <system-out/>
</testsuite> <!-- testng.Ornghrm -->
