<?xml version="1.0" encoding="UTF-8"?>
<!-- Generated by org.testng.reporters.JUnitReportReporter -->
<testsuite hostname="DESKTOP-7OP4659" failures="0" tests="4" name="testng.Priority" time="0.016" errors="0" timestamp="2022-05-12T19:29:25 EDT" skipped="0">
  <testcase classname="testng.Priority" name="xyz" time="0.012"/>
  <system-out>
    <![CDATA[This is xyz method]]>
  </system-out>
  <testcase classname="testng.Priority" name="m1" time="0.002"/>
  <system-out>
    <![CDATA[This is m1 method]]>
  </system-out>
  <testcase classname="testng.Priority" name="m2" time="0.001"/>
  <system-out>
    <![CDATA[This is m2 method]]>
  </system-out>
  <testcase classname="testng.Priority" name="abc" time="0.001"/>
  <system-out>
    <![CDATA[This is abc method]]>
  </system-out>
</testsuite> <!-- testng.Priority -->
