<?xml version="1.0" encoding="UTF-8"?>
<!-- Generated by org.testng.reporters.JUnitReportReporter -->
<testsuite hostname="DESKTOP-7OP4659" failures="0" tests="2" name="testng.Basic1" time="0.025" errors="0" timestamp="2022-05-13T17:09:22 EDT" skipped="0">
  <testcase classname="testng.Basic1" name="m1" time="0.018"/>
  <system-out>
    <![CDATA[m1 method from basic 1 class]]>
  </system-out>
  <testcase classname="testng.Basic1" name="m2" time="0.007"/>
  <system-out>
    <![CDATA[m2 method from basic 1 class]]>
  </system-out>
</testsuite> <!-- testng.Basic1 -->
