<?xml version="1.0" encoding="UTF-8"?>
<!-- Generated by org.testng.reporters.JUnitReportReporter -->
<testsuite hostname="DESKTOP-7OP4659" failures="0" tests="6" name="testng.Invopgm" time="0.014" errors="0" timestamp="2022-05-12T11:57:39 EDT" skipped="2">
  <testcase classname="testng.Invopgm" name="m1" time="0.002"/>
  <system-out>
    <![CDATA[this m1 method]]>
  </system-out>
  <testcase classname="testng.Invopgm" name="m1" time="0.001"/>
  <system-out>
    <![CDATA[this m1 method]]>
  </system-out>
  <testcase classname="testng.Invopgm" name="m1" time="0.010"/>
  <system-out>
    <![CDATA[this m1 method]]>
  </system-out>
  <testcase classname="testng.Invopgm" name="xyz" time="0.001"/>
  <system-out>
    <![CDATA[this is xyz method]]>
  </system-out>
  <testcase classname="testng.Invopgm" name="m2">
    <skipped/>
  </testcase> <!-- m2 -->
  <system-out/>
  <testcase classname="testng.Invopgm" name="abc">
    <skipped/>
  </testcase> <!-- abc -->
  <system-out/>
</testsuite> <!-- testng.Invopgm -->
