<?xml version="1.0" encoding="UTF-8"?>
<!-- Generated by org.testng.reporters.JUnitReportReporter -->
<testsuite hostname="DESKTOP-7OP4659" failures="0" tests="2" name="properties.Beforemeth" time="0.017" errors="0" timestamp="2022-05-12T16:42:27 EDT" skipped="0">
  <testcase classname="properties.Beforemeth" name="m1" time="0.014"/>
  <system-out>
    <![CDATA[this is m1 method]]>
  </system-out>
  <testcase classname="properties.Beforemeth" name="m2" time="0.003"/>
  <system-out>
    <![CDATA[this is m2 method]]>
  </system-out>
</testsuite> <!-- properties.Beforemeth -->
