<?xml version="1.0" encoding="UTF-8"?>
<!-- Generated by org.testng.reporters.JUnitReportReporter -->
<testsuite hostname="DESKTOP-7OP4659" failures="0" tests="2" name="testng.Zerodha" time="7.943" errors="0" timestamp="2022-05-25T19:54:07 EDT" skipped="0">
  <testcase classname="testng.Zerodha" name="LoginFunctionalityZerodha" time="7.806"/>
  <system-out/>
  <testcase classname="testng.Zerodha" name="verifyPinFunctinality" time="0.137"/>
  <system-out/>
</testsuite> <!-- testng.Zerodha -->
